<?xml version="1.0" encoding="UTF-8"?>
<!-- Generated by org.testng.reporters.JUnitReportReporter -->
<testsuite hostname="DESKTOP-VJDPDQH" failures="0" tests="2" name="mmt.mmtproject" time="79.543" errors="0" timestamp="10 Nov 2023 08:08:00 GMT">
  <testcase classname="mmt.mmtproject" name="selecthotel" time="61.753"/>
  <testcase classname="mmt.mmtproject" name="holidaypack" time="17.790"/>
</testsuite> <!-- mmt.mmtproject -->
