<?xml version="1.0" encoding="UTF-8"?>
<!-- Generated by org.testng.reporters.JUnitReportReporter -->
<testsuite hostname="DESKTOP-VJDPDQH" failures="0" tests="2" name="mmt.mmtproject" time="84.155" errors="0" timestamp="10 Nov 2023 02:17:53 GMT">
  <testcase classname="mmt.mmtproject" name="selecthotel" time="64.720"/>
  <testcase classname="mmt.mmtproject" name="holidaypack" time="19.435"/>
</testsuite> <!-- mmt.mmtproject -->
